<?xml version="1.0" encoding="UTF-8"?>
<!-- Generated by org.testng.reporters.JUnitReportReporter -->
<testsuite hostname="LAPTOP-7DOKDU1R" failures="0" tests="1" name="seleniumtest.MavenTestWikipedia" time="18.922" errors="0" timestamp="05 Aug 2020 20:31:22 GMT" skipped="0">
  <testcase classname="seleniumtest.MavenTestWikipedia" name="f" time="18.922"/>
</testsuite> <!-- seleniumtest.MavenTestWikipedia -->
