<?xml version="1.0" encoding="UTF-8"?>
<!-- Generated by org.testng.reporters.JUnitReportReporter -->
<testsuite skipped="0" hostname="LAPTOP-7DOKDU1R" name="seleniumtest.SeleniumGridTest" tests="1" failures="0" timestamp="09 Apr 2020 17:52:55 GMT" time="0.921" errors="0">
  <testcase name="simpleTest" time="0.921" classname="seleniumtest.SeleniumGridTest"/>
</testsuite> <!-- seleniumtest.SeleniumGridTest -->
