<?xml version="1.0" encoding="UTF-8"?>
<!-- Generated by org.testng.reporters.JUnitReportReporter -->
<testsuite skipped="0" hostname="LAPTOP-7DOKDU1R" name="MavenTestWikipedia" tests="1" failures="0" timestamp="26 Mar 2020 13:38:33 GMT" time="25.017" errors="0">
  <testcase name="f" time="25.017" classname="MavenTestWikipedia"/>
</testsuite> <!-- MavenTestWikipedia -->
