<?xml version="1.0" encoding="UTF-8"?>
<!-- Generated by org.testng.reporters.JUnitReportReporter -->
<testsuite skipped="0" hostname="LAPTOP-7DOKDU1R" name="seleniumtest.MavenTestWikipedia" tests="1" failures="0" timestamp="09 Apr 2020 17:55:20 GMT" time="33.122" errors="0">
  <testcase name="f" time="33.122" classname="seleniumtest.MavenTestWikipedia"/>
</testsuite> <!-- seleniumtest.MavenTestWikipedia -->
